{"contracts/NFTT.sol":{"l":{"27":3,"28":3,"29":3,"30":3,"38":0,"42":3,"46":1,"47":1,"49":1,"50":1,"51":0,"52":0,"55":1,"70":1,"71":1,"72":1,"74":1,"75":1,"88":2,"89":2,"90":2,"94":1,"95":1,"108":1,"109":1,"110":1,"114":2,"115":2,"123":5,"124":3,"125":1,"127":1,"129":1,"130":1,"131":1,"145":1,"147":1,"149":1,"150":1,"152":1,"153":1,"155":1},"path":"/Users/paganinisilvio/Desktop/Workspace/NFT/contracts/contracts/NFTT.sol","s":{"1":3,"2":3,"3":3,"4":3,"5":0,"6":3,"7":1,"8":1,"9":1,"10":1,"11":0,"12":1,"13":1,"14":1,"15":1,"16":1,"17":1,"18":2,"19":2,"20":2,"21":1,"22":1,"23":1,"24":1,"25":1,"26":2,"27":2,"28":5,"29":3,"30":1,"31":1,"32":1,"33":1,"34":1,"35":1,"36":1,"37":1,"38":1,"39":1,"40":1,"41":1},"b":{"1":[0,1],"2":[1,0],"3":[1,0],"4":[1,0],"5":[2,0],"6":[2,0],"7":[1,0],"8":[1,0],"9":[1,0],"10":[2,0],"11":[3,2],"12":[1,2],"13":[1,0]},"f":{"1":3,"2":0,"3":3,"4":1,"5":1,"6":2,"7":1,"8":1,"9":2,"10":5,"11":1},"fnMap":{"1":{"name":"initialize","line":26,"loc":{"start":{"line":26,"column":4},"end":{"line":31,"column":4}}},"2":{"name":"_baseURI","line":37,"loc":{"start":{"line":37,"column":4},"end":{"line":39,"column":4}}},"3":{"name":"setBaseURI","line":41,"loc":{"start":{"line":41,"column":4},"end":{"line":43,"column":4}}},"4":{"name":"getAllOnSale","line":45,"loc":{"start":{"line":45,"column":4},"end":{"line":56,"column":4}}},"5":{"name":"setTokenSale","line":69,"loc":{"start":{"line":69,"column":4},"end":{"line":76,"column":4}}},"6":{"name":"setTokenPrice","line":87,"loc":{"start":{"line":87,"column":4},"end":{"line":91,"column":4}}},"7":{"name":"tokenPrice","line":93,"loc":{"start":{"line":93,"column":4},"end":{"line":96,"column":4}}},"8":{"name":"_setTokenMeta","line":107,"loc":{"start":{"line":107,"column":4},"end":{"line":111,"column":4}}},"9":{"name":"tokenMeta","line":113,"loc":{"start":{"line":113,"column":4},"end":{"line":116,"column":4}}},"10":{"name":"purchaseToken","line":122,"loc":{"start":{"line":122,"column":4},"end":{"line":132,"column":4}}},"11":{"name":"mintCollectable","line":142,"loc":{"start":{"line":134,"column":4},"end":{"line":156,"column":4}}}},"statementMap":{"1":{"start":{"line":27,"column":8},"end":{"line":27,"column":42}},"2":{"start":{"line":28,"column":8},"end":{"line":28,"column":58}},"3":{"start":{"line":29,"column":8},"end":{"line":29,"column":54}},"4":{"start":{"line":30,"column":8},"end":{"line":30,"column":89}},"5":{"start":{"line":38,"column":8},"end":{"line":38,"column":22}},"6":{"start":{"line":42,"column":8},"end":{"line":42,"column":28}},"7":{"start":{"line":46,"column":8},"end":{"line":46,"column":78}},"8":{"start":{"line":47,"column":8},"end":{"line":47,"column":27}},"9":{"start":{"line":49,"column":8},"end":{"line":49,"column":1764}},"10":{"start":{"line":50,"column":12},"end":{"line":50,"column":1832}},"11":{"start":{"line":51,"column":16},"end":{"line":51,"column":52}},"12":{"start":{"line":55,"column":8},"end":{"line":55,"column":27}},"13":{"start":{"line":70,"column":8},"end":{"line":70,"column":82}},"14":{"start":{"line":71,"column":8},"end":{"line":71,"column":26}},"15":{"start":{"line":72,"column":8},"end":{"line":72,"column":49}},"16":{"start":{"line":74,"column":8},"end":{"line":74,"column":40}},"17":{"start":{"line":75,"column":8},"end":{"line":75,"column":38}},"18":{"start":{"line":88,"column":8},"end":{"line":88,"column":83}},"19":{"start":{"line":89,"column":8},"end":{"line":89,"column":49}},"20":{"start":{"line":90,"column":8},"end":{"line":90,"column":42}},"21":{"start":{"line":94,"column":8},"end":{"line":94,"column":85}},"22":{"start":{"line":95,"column":8},"end":{"line":95,"column":40}},"23":{"start":{"line":108,"column":8},"end":{"line":108,"column":33}},"24":{"start":{"line":109,"column":8},"end":{"line":109,"column":49}},"25":{"start":{"line":110,"column":8},"end":{"line":110,"column":35}},"26":{"start":{"line":114,"column":8},"end":{"line":114,"column":33}},"27":{"start":{"line":115,"column":8},"end":{"line":115,"column":35}},"28":{"start":{"line":123,"column":8},"end":{"line":123,"column":75}},"29":{"start":{"line":124,"column":8},"end":{"line":124,"column":55}},"30":{"start":{"line":125,"column":8},"end":{"line":125,"column":47}},"31":{"start":{"line":127,"column":8},"end":{"line":127,"column":47}},"32":{"start":{"line":129,"column":8},"end":{"line":129,"column":43}},"33":{"start":{"line":130,"column":8},"end":{"line":130,"column":51}},"34":{"start":{"line":131,"column":8},"end":{"line":131,"column":40}},"35":{"start":{"line":145,"column":8},"end":{"line":145,"column":26}},"36":{"start":{"line":147,"column":8},"end":{"line":147,"column":28}},"37":{"start":{"line":149,"column":8},"end":{"line":149,"column":47}},"38":{"start":{"line":150,"column":8},"end":{"line":150,"column":31}},"39":{"start":{"line":152,"column":8},"end":{"line":152,"column":85}},"40":{"start":{"line":153,"column":8},"end":{"line":153,"column":37}},"41":{"start":{"line":155,"column":8},"end":{"line":155,"column":24}}},"branchMap":{"1":{"line":50,"type":"if","locations":[{"start":{"line":50,"column":12},"end":{"line":50,"column":12}},{"start":{"line":50,"column":12},"end":{"line":50,"column":12}}]},"2":{"line":70,"type":"if","locations":[{"start":{"line":70,"column":8},"end":{"line":70,"column":8}},{"start":{"line":70,"column":8},"end":{"line":70,"column":8}}]},"3":{"line":71,"type":"if","locations":[{"start":{"line":71,"column":8},"end":{"line":71,"column":8}},{"start":{"line":71,"column":8},"end":{"line":71,"column":8}}]},"4":{"line":72,"type":"if","locations":[{"start":{"line":72,"column":8},"end":{"line":72,"column":8}},{"start":{"line":72,"column":8},"end":{"line":72,"column":8}}]},"5":{"line":88,"type":"if","locations":[{"start":{"line":88,"column":8},"end":{"line":88,"column":8}},{"start":{"line":88,"column":8},"end":{"line":88,"column":8}}]},"6":{"line":89,"type":"if","locations":[{"start":{"line":89,"column":8},"end":{"line":89,"column":8}},{"start":{"line":89,"column":8},"end":{"line":89,"column":8}}]},"7":{"line":94,"type":"if","locations":[{"start":{"line":94,"column":8},"end":{"line":94,"column":8}},{"start":{"line":94,"column":8},"end":{"line":94,"column":8}}]},"8":{"line":108,"type":"if","locations":[{"start":{"line":108,"column":8},"end":{"line":108,"column":8}},{"start":{"line":108,"column":8},"end":{"line":108,"column":8}}]},"9":{"line":109,"type":"if","locations":[{"start":{"line":109,"column":8},"end":{"line":109,"column":8}},{"start":{"line":109,"column":8},"end":{"line":109,"column":8}}]},"10":{"line":114,"type":"if","locations":[{"start":{"line":114,"column":8},"end":{"line":114,"column":8}},{"start":{"line":114,"column":8},"end":{"line":114,"column":8}}]},"11":{"line":123,"type":"if","locations":[{"start":{"line":123,"column":8},"end":{"line":123,"column":8}},{"start":{"line":123,"column":8},"end":{"line":123,"column":8}}]},"12":{"line":124,"type":"if","locations":[{"start":{"line":124,"column":8},"end":{"line":124,"column":8}},{"start":{"line":124,"column":8},"end":{"line":124,"column":8}}]},"13":{"line":145,"type":"if","locations":[{"start":{"line":145,"column":8},"end":{"line":145,"column":8}},{"start":{"line":145,"column":8},"end":{"line":145,"column":8}}]}}}}